Status: 404
Ultima requisição: Wed Feb 23 16:20:44 2022
GET /21321321321 HTTP/1.1
Host: localhost:8000
User-Agent: insomnia/2021.7.2
Accept: */*
Status: 200
Ultima requisição: Wed Feb 23 17:34:19 2022
GET /4 HTTP/1.1
Host: localhost:8000
User-Agent: insomnia/2021.7.2
Accept: */*

Status: 404
Ultima requisição: Wed Feb 23 17:34:19 2022
GET /4 HTTP/1.1
Host: localhost:8000
User-Agent: insomnia/2021.7.2
Accept: */*

Status: 200
Ultima requisição: Wed Feb 23 17:34:42 2022
GET /4 HTTP/1.1
Host: localhost:8000
User-Agent: insomnia/2021.7.2
Accept: */*

Status: 404
Ultima requisição: Wed Feb 23 17:34:42 2022
GET /4 HTTP/1.1
Host: localhost:8000
User-Agent: insomnia/2021.7.2
Accept: */*

Status: 200
Ultima requisição: Wed Feb 23 17:36:01 2022
GET /4 HTTP/1.1
Host: localhost:8000
User-Agent: insomnia/2021.7.2
Accept: */*

Status: 200
Ultima requisição: Wed Feb 23 17:36:02 2022
GET /4 HTTP/1.1
Host: localhost:8000
User-Agent: insomnia/2021.7.2
Accept: */*

Status: 200
Ultima requisição: Wed Feb 23 17:36:14 2022
GET /4 HTTP/1.1
Host: localhost:8000
User-Agent: insomnia/2021.7.2
Accept: */*

Status: 200
Ultima requisição: Wed Feb 23 20:12:38 2022
GET / HTTP/1.1
Host: localhost:8000
User-Agent: insomnia/2021.7.2
Accept: */*

Status: 200
Ultima requisição: Wed Feb 23 20:15:41 2022
GET / HTTP/1.1
Host: localhost:8000
User-Agent: insomnia/2021.7.2
Accept: */*

Status: 200
Ultima requisição: Wed Feb 23 20:15:42 2022
GET / HTTP/1.1
Host: localhost:8000
User-Agent: insomnia/2021.7.2
Accept: */*

Status: 200
Ultima requisição: Wed Feb 23 20:15:43 2022
GET / HTTP/1.1
Host: localhost:8000
User-Agent: insomnia/2021.7.2
Accept: */*

