Status: 200
Ultima requisição: Thu Feb 24 21:10:50 2022
GET /4 HTTP/1.1
Host: localhost:8000
User-Agent: insomnia/2021.7.2
Accept: */*

Status: 200
Ultima requisição: Thu Feb 24 22:21:16 2022
GET /4 HTTP/1.1
Host: localhost:8000
User-Agent: insomnia/2021.7.2
Accept: */*

Status: 200
Ultima requisição: Thu Feb 24 22:21:27 2022
GET /4 HTTP/1.1
Host: localhost:8000
User-Agent: insomnia/2021.7.2
Accept: */*

Status: 200
Ultima requisição: Fri Feb 25 17:48:11 2022
GET /covid HTTP/1.1
Host: localhost:8000
User-Agent: insomnia/2021.7.2
Accept: */*

Status: 200
Ultima requisição: Fri Feb 25 17:48:19 2022
GET /finance HTTP/1.1
Host: localhost:8000
User-Agent: insomnia/2021.7.2
Accept: */*

Status: 404
Ultima requisição: Fri Feb 25 17:48:45 2022
GET /as HTTP/1.1
Host: localhost:8000
User-Agent: insomnia/2021.7.2
Accept: */*

Status: 200
Ultima requisição: Fri Feb 25 18:02:04 2022
GET /covid HTTP/1.1
Host: localhost:8000
User-Agent: insomnia/2021.7.2
Accept: */*

Status: 200
Ultima requisição: Fri Feb 25 18:02:25 2022
GET /finance HTTP/1.1
Host: localhost:8000
User-Agent: insomnia/2021.7.2
Accept: */*

Status: 200
Ultima requisição: Fri Feb 25 18:02:33 2022
GET /tech HTTP/1.1
Host: localhost:8000
User-Agent: insomnia/2021.7.2
Accept: */*

Status: 200
Ultima requisição: Fri Feb 25 18:02:40 2022
GET /tech HTTP/1.1
Host: localhost:8000
User-Agent: insomnia/2021.7.2
Accept: */*

Status: 200
Ultima requisição: Fri Feb 25 18:39:37 2022
GET /covid HTTP/1.1
Host: localhost:8000
User-Agent: insomnia/2021.7.2
Accept: */*

Status: 200
Ultima requisição: Fri Feb 25 18:42:17 2022
GET /covid HTTP/1.1
Host: localhost:8000
User-Agent: insomnia/2021.7.2
Accept: */*

Status: 404
Ultima requisição: Fri Feb 25 18:42:54 2022
GET /ahahahaha HTTP/1.1
Host: localhost:8000
User-Agent: insomnia/2021.7.2
Accept: */*

Status: 200
Ultima requisição: Fri Feb 25 18:45:16 2022
GET /covid HTTP/1.1
Host: localhost:8000
User-Agent: insomnia/2021.7.2
Accept: */*

Status: 404
Ultima requisição: Fri Feb 25 18:45:26 2022
GET /dfadas HTTP/1.1
Host: localhost:8000
User-Agent: insomnia/2021.7.2
Accept: */*

Status: 404
Ultima requisição: Fri Feb 25 18:45:36 2022
GET /dfadas HTTP/1.1
Host: localhost:8000
User-Agent: insomnia/2021.7.2
Accept: */*

Status: 404
Ultima requisição: Fri Feb 25 18:47:16 2022
GET /sadadsa HTTP/1.1
Host: localhost:8000
User-Agent: insomnia/2021.7.2
Accept: */*

Status: 200
Ultima requisição: Fri Feb 25 18:47:32 2022
GET /covid HTTP/1.1
Host: localhost:8000
User-Agent: insomnia/2021.7.2
Accept: */*

Status: 200
Ultima requisição: Fri Feb 25 18:47:38 2022
GET /tech HTTP/1.1
Host: localhost:8000
User-Agent: insomnia/2021.7.2
Accept: */*

Status: 200
Ultima requisição: Fri Feb 25 18:50:05 2022
GET / HTTP/1.1
Host: localhost:8000
User-Agent: insomnia/2021.7.2
Accept: */*

Status: 404
Ultima requisição: Fri Feb 25 18:50:10 2022
GET /sdadasda HTTP/1.1
Host: localhost:8000
User-Agent: insomnia/2021.7.2
Accept: */*

Status: 404
Ultima requisição: Fri Feb 25 18:50:31 2022
GET /sdadasda HTTP/1.1
Host: localhost:8000
User-Agent: insomnia/2021.7.2
Accept: */*

Status: 200
Ultima requisição: Fri Feb 25 19:52:32 2022
GET /weather HTTP/1.1
Host: localhost:8000
User-Agent: insomnia/2021.7.2
Accept: */*

Status: 200
Ultima requisição: Fri Feb 25 21:09:19 2022
GET /weather HTTP/1.1
Host: localhost:8000
User-Agent: insomnia/2021.7.2
Accept: */*

Status: 200
Ultima requisição: Fri Feb 25 21:09:58 2022
GET /weather HTTP/1.1
Host: localhost:8000
User-Agent: insomnia/2021.7.2
Accept: */*

Status: 200
Ultima requisição: Fri Feb 25 21:34:59 2022
GET /weather HTTP/1.1
Host: localhost:8000
User-Agent: insomnia/2021.7.2
Accept: */*

Status: 200
Ultima requisição: Fri Feb 25 23:25:54 2022
GET /finance HTTP/1.1
Host: localhost:8000
User-Agent: insomnia/2021.7.2
Accept: */*

Status: 200
Ultima requisição: Fri Feb 25 23:28:14 2022
GET /finance HTTP/1.1
Host: localhost:8000
User-Agent: insomnia/2021.7.2
Accept: */*

Status: 200
Ultima requisição: Fri Feb 25 23:28:18 2022
GET /finance HTTP/1.1
Host: localhost:8000
User-Agent: insomnia/2021.7.2
Accept: */*

Status: 200
Ultima requisição: Fri Feb 25 23:28:20 2022
GET /finance HTTP/1.1
Host: localhost:8000
User-Agent: insomnia/2021.7.2
Accept: */*

Status: 200
Ultima requisição: Fri Feb 25 23:28:20 2022
GET /finance HTTP/1.1
Host: localhost:8000
User-Agent: insomnia/2021.7.2
Accept: */*

Status: 200
Ultima requisição: Fri Feb 25 23:30:34 2022
GET /tech HTTP/1.1
Host: localhost:8000
User-Agent: insomnia/2021.7.2
Accept: */*

Status: 200
Ultima requisição: Sun Feb 27 00:42:19 2022
GET /tech HTTP/1.1
Host: localhost:8000
User-Agent: insomnia/2021.7.2
Accept: */*

Status: 404
Ultima requisição: Sun Feb 27 00:42:29 2022
GET /fincance HTTP/1.1
Host: localhost:8000
User-Agent: insomnia/2021.7.2
Accept: */*

Status: 200
Ultima requisição: Sun Feb 27 00:42:33 2022
GET /finance HTTP/1.1
Host: localhost:8000
User-Agent: insomnia/2021.7.2
Accept: */*

Status: 200
Ultima requisição: Sun Feb 27 00:42:38 2022
GET /tech HTTP/1.1
Host: localhost:8000
User-Agent: insomnia/2021.7.2
Accept: */*

Status: 200
Ultima requisição: Sun Feb 27 00:44:36 2022
GET /tech HTTP/1.1
Host: localhost:8000
User-Agent: insomnia/2021.7.2
Accept: */*

Status: 200
Ultima requisição: Sun Feb 27 00:47:15 2022
GET /tech HTTP/1.1
Host: localhost:8000
User-Agent: insomnia/2021.7.2
Accept: */*

Status: 200
Ultima requisição: Sun Feb 27 00:57:13 2022
GET /tech HTTP/1.1
Host: localhost:8000
User-Agent: insomnia/2021.7.2
Accept: */*

Status: 200
Ultima requisição: Sun Feb 27 01:07:29 2022
GET /tech HTTP/1.1
Host: localhost:8000
User-Agent: insomnia/2021.7.2
Accept: */*

Status: 200
Ultima requisição: Sun Feb 27 01:07:35 2022
GET /weather HTTP/1.1
Host: localhost:8000
User-Agent: insomnia/2021.7.2
Accept: */*

Status: 200
Ultima requisição: Sun Feb 27 01:07:40 2022
GET /finance HTTP/1.1
Host: localhost:8000
User-Agent: insomnia/2021.7.2
Accept: */*

Status: 200
Ultima requisição: Sun Feb 27 01:07:45 2022
GET / HTTP/1.1
Host: localhost:8000
User-Agent: insomnia/2021.7.2
Accept: */*

Status: 200
Ultima requisição: Sun Feb 27 15:02:18 2022
GET /tech HTTP/1.1
Host: localhost:8000
Connection: keep-alive
sec-ch-ua: " Not A;Brand";v="99", "Chromium";v="98", "Microsoft Edge";v="98"
sec-ch-ua-mobile: ?0
sec-ch-ua-platform: "Windows"
Upgrade-Insecure-Requests: 1
User-Agent: Mozilla/5.0 (Windows NT 10.0; Win64; x64) AppleWebKit/537.36 (KHTML, like Gecko) Chrome/98.0.4758.102 Safari/537.36 Edg/98.0.1108.62
Accept: text/html,application/xhtml+xml,application/xml;q=0.9,image/webp,image/apng,*/*;q=0.8,application/signed-exchange;v=b3;q=0.9
Sec-Fetch-Site: none
Sec-Fetch-Mode: navigate
Sec-Fetch-User: ?1
Sec-Fetch-Dest: document
Accept-Encoding: gzip, deflate, br
Accept-Language: pt-BR,pt;q=0.9,en;q=0.8,en-GB;q=0.7,en-US;q=0.6

Status: 404
Ultima requisição: Sun Feb 27 15:02:18 2022
GET /favicon.ico HTTP/1.1
Host: localhost:8000
Connection: keep-alive
sec-ch-ua: " Not A;Brand";v="99", "Chromium";v="98", "Microsoft Edge";v="98"
sec-ch-ua-mobile: ?0
User-Agent: Mozilla/5.0 (Windows NT 10.0; Win64; x64) AppleWebKit/537.36 (KHTML, like Gecko) Chrome/98.0.4758.102 Safari/537.36 Edg/98.0.1108.62
sec-ch-ua-platform: "Windows"
Accept: image/webp,image/apng,image/svg+xml,image/*,*/*;q=0.8
Sec-Fetch-Site: same-origin
Sec-Fetch-Mode: no-cors
Sec-Fetch-Dest: image
Referer: http://localhost:8000/tech
Accept-Encoding: gzip, deflate, br
Accept-Language: pt-BR,pt;q=0.9,en;q=0.8,en-GB;q=0.7,en-US;q=0.6

Status: 200
Ultima requisição: Sun Feb 27 15:05:22 2022
GET / HTTP/1.1
Host: localhost:8000
Connection: keep-alive
Cache-Control: max-age=0
sec-ch-ua: " Not A;Brand";v="99", "Chromium";v="98", "Microsoft Edge";v="98"
sec-ch-ua-mobile: ?0
sec-ch-ua-platform: "Windows"
Upgrade-Insecure-Requests: 1
User-Agent: Mozilla/5.0 (Windows NT 10.0; Win64; x64) AppleWebKit/537.36 (KHTML, like Gecko) Chrome/98.0.4758.102 Safari/537.36 Edg/98.0.1108.62
Accept: text/html,application/xhtml+xml,application/xml;q=0.9,image/webp,image/apng,*/*;q=0.8,application/signed-exchange;v=b3;q=0.9
Sec-Fetch-Site: none
Sec-Fetch-Mode: navigate
Sec-Fetch-User: ?1
Sec-Fetch-Dest: document
Accept-Encoding: gzip, deflate, br
Accept-Language: pt-BR,pt;q=0.9,en;q=0.8,en-GB;q=0.7,en-US;q=0.6

Status: 200
Ultima requisição: Sun Feb 27 15:05:43 2022
GET /finance HTTP/1.1
Host: localhost:8000
Connection: keep-alive
sec-ch-ua: " Not A;Brand";v="99", "Chromium";v="98", "Microsoft Edge";v="98"
sec-ch-ua-mobile: ?0
sec-ch-ua-platform: "Windows"
Upgrade-Insecure-Requests: 1
User-Agent: Mozilla/5.0 (Windows NT 10.0; Win64; x64) AppleWebKit/537.36 (KHTML, like Gecko) Chrome/98.0.4758.102 Safari/537.36 Edg/98.0.1108.62
Accept: text/html,application/xhtml+xml,application/xml;q=0.9,image/webp,image/apng,*/*;q=0.8,application/signed-exchange;v=b3;q=0.9
Sec-Fetch-Site: none
Sec-Fetch-Mode: navigate
Sec-Fetch-User: ?1
Sec-Fetch-Dest: document
Accept-Encoding: gzip, deflate, br
Accept-Language: pt-BR,pt;q=0.9,en;q=0.8,en-GB;q=0.7,en-US;q=0.6

Status: 200
Ultima requisição: Sun Feb 27 15:06:20 2022
GET / HTTP/1.1
Host: localhost:8000
Connection: keep-alive
Cache-Control: max-age=0
sec-ch-ua: " Not A;Brand";v="99", "Chromium";v="98", "Microsoft Edge";v="98"
sec-ch-ua-mobile: ?0
sec-ch-ua-platform: "Windows"
Upgrade-Insecure-Requests: 1
User-Agent: Mozilla/5.0 (Windows NT 10.0; Win64; x64) AppleWebKit/537.36 (KHTML, like Gecko) Chrome/98.0.4758.102 Safari/537.36 Edg/98.0.1108.62
Accept: text/html,application/xhtml+xml,application/xml;q=0.9,image/webp,image/apng,*/*;q=0.8,application/signed-exchange;v=b3;q=0.9
Sec-Fetch-Site: none
Sec-Fetch-Mode: navigate
Sec-Fetch-User: ?1
Sec-Fetch-Dest: document
Accept-Encoding: gzip, deflate, br
Accept-Language: pt-BR,pt;q=0.9,en;q=0.8,en-GB;q=0.7,en-US;q=0.6

Status: 200
Ultima requisição: Sun Feb 27 15:06:24 2022
GET /tech HTTP/1.1
Host: localhost:8000
Connection: keep-alive
sec-ch-ua: " Not A;Brand";v="99", "Chromium";v="98", "Microsoft Edge";v="98"
sec-ch-ua-mobile: ?0
sec-ch-ua-platform: "Windows"
Upgrade-Insecure-Requests: 1
User-Agent: Mozilla/5.0 (Windows NT 10.0; Win64; x64) AppleWebKit/537.36 (KHTML, like Gecko) Chrome/98.0.4758.102 Safari/537.36 Edg/98.0.1108.62
Accept: text/html,application/xhtml+xml,application/xml;q=0.9,image/webp,image/apng,*/*;q=0.8,application/signed-exchange;v=b3;q=0.9
Sec-Fetch-Site: none
Sec-Fetch-Mode: navigate
Sec-Fetch-User: ?1
Sec-Fetch-Dest: document
Accept-Encoding: gzip, deflate, br
Accept-Language: pt-BR,pt;q=0.9,en;q=0.8,en-GB;q=0.7,en-US;q=0.6

Status: 200
Ultima requisição: Sun Feb 27 15:06:28 2022
GET /weather HTTP/1.1
Host: localhost:8000
Connection: keep-alive
sec-ch-ua: " Not A;Brand";v="99", "Chromium";v="98", "Microsoft Edge";v="98"
sec-ch-ua-mobile: ?0
sec-ch-ua-platform: "Windows"
Upgrade-Insecure-Requests: 1
User-Agent: Mozilla/5.0 (Windows NT 10.0; Win64; x64) AppleWebKit/537.36 (KHTML, like Gecko) Chrome/98.0.4758.102 Safari/537.36 Edg/98.0.1108.62
Accept: text/html,application/xhtml+xml,application/xml;q=0.9,image/webp,image/apng,*/*;q=0.8,application/signed-exchange;v=b3;q=0.9
Sec-Fetch-Site: none
Sec-Fetch-Mode: navigate
Sec-Fetch-User: ?1
Sec-Fetch-Dest: document
Accept-Encoding: gzip, deflate, br
Accept-Language: pt-BR,pt;q=0.9,en;q=0.8,en-GB;q=0.7,en-US;q=0.6

Status: 200
Ultima requisição: Sun Feb 27 15:06:34 2022
GET /finance HTTP/1.1
Host: localhost:8000
Connection: keep-alive
sec-ch-ua: " Not A;Brand";v="99", "Chromium";v="98", "Microsoft Edge";v="98"
sec-ch-ua-mobile: ?0
sec-ch-ua-platform: "Windows"
Upgrade-Insecure-Requests: 1
User-Agent: Mozilla/5.0 (Windows NT 10.0; Win64; x64) AppleWebKit/537.36 (KHTML, like Gecko) Chrome/98.0.4758.102 Safari/537.36 Edg/98.0.1108.62
Accept: text/html,application/xhtml+xml,application/xml;q=0.9,image/webp,image/apng,*/*;q=0.8,application/signed-exchange;v=b3;q=0.9
Sec-Fetch-Site: none
Sec-Fetch-Mode: navigate
Sec-Fetch-User: ?1
Sec-Fetch-Dest: document
Accept-Encoding: gzip, deflate, br
Accept-Language: pt-BR,pt;q=0.9,en;q=0.8,en-GB;q=0.7,en-US;q=0.6

Status: 404
Ultima requisição: Sun Feb 27 15:06:37 2022
GET /tecj HTTP/1.1
Host: localhost:8000
Connection: keep-alive
sec-ch-ua: " Not A;Brand";v="99", "Chromium";v="98", "Microsoft Edge";v="98"
sec-ch-ua-mobile: ?0
sec-ch-ua-platform: "Windows"
Upgrade-Insecure-Requests: 1
User-Agent: Mozilla/5.0 (Windows NT 10.0; Win64; x64) AppleWebKit/537.36 (KHTML, like Gecko) Chrome/98.0.4758.102 Safari/537.36 Edg/98.0.1108.62
Accept: text/html,application/xhtml+xml,application/xml;q=0.9,image/webp,image/apng,*/*;q=0.8,application/signed-exchange;v=b3;q=0.9
Sec-Fetch-Site: none
Sec-Fetch-Mode: navigate
Sec-Fetch-User: ?1
Sec-Fetch-Dest: document
Accept-Encoding: gzip, deflate, br
Accept-Language: pt-BR,pt;q=0.9,en;q=0.8,en-GB;q=0.7,en-US;q=0.6

Status: 200
Ultima requisição: Sun Feb 27 15:06:41 2022
GET /tech HTTP/1.1
Host: localhost:8000
Connection: keep-alive
sec-ch-ua: " Not A;Brand";v="99", "Chromium";v="98", "Microsoft Edge";v="98"
sec-ch-ua-mobile: ?0
sec-ch-ua-platform: "Windows"
Upgrade-Insecure-Requests: 1
User-Agent: Mozilla/5.0 (Windows NT 10.0; Win64; x64) AppleWebKit/537.36 (KHTML, like Gecko) Chrome/98.0.4758.102 Safari/537.36 Edg/98.0.1108.62
Accept: text/html,application/xhtml+xml,application/xml;q=0.9,image/webp,image/apng,*/*;q=0.8,application/signed-exchange;v=b3;q=0.9
Sec-Fetch-Site: none
Sec-Fetch-Mode: navigate
Sec-Fetch-User: ?1
Sec-Fetch-Dest: document
Accept-Encoding: gzip, deflate, br
Accept-Language: pt-BR,pt;q=0.9,en;q=0.8,en-GB;q=0.7,en-US;q=0.6

Status: 200
Ultima requisição: Sun Feb 27 20:43:44 2022
GET /tech HTTP/1.1
Host: localhost:8000
User-Agent: insomnia/2021.7.2
Accept: */*

Status: 200
Ultima requisição: Sun Feb 27 20:43:52 2022
GET /weather HTTP/1.1
Host: localhost:8000
User-Agent: insomnia/2021.7.2
Accept: */*

Status: 200
Ultima requisição: Sun Feb 27 20:55:17 2022
GET /weather HTTP/1.1
Host: localhost:8000
User-Agent: insomnia/2021.7.2
Accept: */*

Status: 200
Ultima requisição: Sun Mar  6 16:25:04 2022
GET /covid HTTP/1.1
Host: localhost:8000
User-Agent: insomnia/2021.7.2
Accept: */*

Status: 200
Ultima requisição: Sun Mar  6 16:59:56 2022
GET /covid HTTP/1.1
Host: localhost:8000
User-Agent: insomnia/2021.7.2
Accept: */*

Status: 200
Ultima requisição: Sun Mar  6 17:01:17 2022
GET /covid HTTP/1.1
Host: localhost:8000
User-Agent: insomnia/2021.7.2
Accept: */*

Status: 200
Ultima requisição: Sun Mar  6 17:05:05 2022
GET /covid HTTP/1.1
Host: localhost:8000
User-Agent: curl/7.68.0
Accept: */*

Status: 200
Ultima requisição: Sun Mar  6 17:05:49 2022
GET /covid HTTP/1.1
Host: localhost:8000
User-Agent: curl/7.68.0
Accept: */*

Status: 200
Ultima requisição: Sun Mar  6 17:12:39 2022
GET /covid HTTP/1.1
Host: localhost:8000
User-Agent: insomnia/2021.7.2
Accept: */*

Status: 200
Ultima requisição: Sun Mar  6 17:16:11 2022
GET /covid HTTP/1.1
Host: localhost:8000
User-Agent: insomnia/2021.7.2
Accept: */*

Status: 200
Ultima requisição: Sun Mar  6 17:17:15 2022
GET /covid HTTP/1.1
Host: localhost:8000
User-Agent: insomnia/2021.7.2
Accept: */*

Status: 200
Ultima requisição: Sun Mar  6 17:18:19 2022
GET /covid HTTP/1.1
Host: localhost:8000
User-Agent: insomnia/2021.7.2
Accept: */*

Status: 200
Ultima requisição: Sun Mar  6 17:20:14 2022
GET /covid HTTP/1.1
Host: localhost:8000
User-Agent: insomnia/2021.7.2
Accept: */*

Status: 200
Ultima requisição: Sun Mar  6 17:21:15 2022
GET /covid HTTP/1.1
Host: localhost:8000
User-Agent: insomnia/2021.7.2
Accept: */*

Status: 200
Ultima requisição: Sun Mar  6 17:21:39 2022
GET /covid HTTP/1.1
Host: localhost:8000
User-Agent: insomnia/2021.7.2
Accept: */*

Status: 200
Ultima requisição: Sun Mar  6 17:21:41 2022
GET /covid HTTP/1.1
Host: localhost:8000
User-Agent: insomnia/2021.7.2
Accept: */*

