Status: 200
Ultima requisição: Fri Feb 25 14:56:51 2022
GET / HTTP/1.1
Host: localhost:8000
User-Agent: insomnia/2021.7.2
Accept: */*

Status: 200
Ultima requisição: Fri Feb 25 14:58:46 2022
GET / HTTP/1.1
Host: localhost:8000
User-Agent: insomnia/2021.7.2
Accept: */*

Status: 200
Ultima requisição: Fri Feb 25 14:58:55 2022
GET / HTTP/1.1
Host: localhost:8000
User-Agent: insomnia/2021.7.2
Accept: */*

Status: 200
Ultima requisição: Fri Feb 25 14:58:56 2022
GET / HTTP/1.1
Host: localhost:8000
User-Agent: insomnia/2021.7.2
Accept: */*

Status: 200
Ultima requisição: Fri Feb 25 15:00:49 2022
GET / HTTP/1.1
Host: localhost:8000
User-Agent: insomnia/2021.7.2
Accept: */*

Status: 200
Ultima requisição: Fri Feb 25 15:00:52 2022
GET / HTTP/1.1
Host: localhost:8000
User-Agent: insomnia/2021.7.2
Accept: */*

Status: 200
Ultima requisição: Fri Feb 25 15:00:54 2022
GET / HTTP/1.1
Host: localhost:8000
User-Agent: insomnia/2021.7.2
Accept: */*

Status: 200
Ultima requisição: Fri Feb 25 15:00:55 2022
GET / HTTP/1.1
Host: localhost:8000
User-Agent: insomnia/2021.7.2
Accept: */*

Status: 200
Ultima requisição: Fri Feb 25 15:00:56 2022
GET / HTTP/1.1
Host: localhost:8000
User-Agent: insomnia/2021.7.2
Accept: */*

Status: 200
Ultima requisição: Fri Feb 25 15:02:11 2022
GET / HTTP/1.1
Host: localhost:8000
User-Agent: insomnia/2021.7.2
Accept: */*

Status: 200
Ultima requisição: Fri Feb 25 15:02:12 2022
GET / HTTP/1.1
Host: localhost:8000
User-Agent: insomnia/2021.7.2
Accept: */*

Status: 200
Ultima requisição: Fri Feb 25 15:02:14 2022
GET / HTTP/1.1
Host: localhost:8000
User-Agent: insomnia/2021.7.2
Accept: */*

Status: 200
Ultima requisição: Fri Feb 25 15:03:36 2022
GET / HTTP/1.1
Host: localhost:8000
User-Agent: insomnia/2021.7.2
Accept: */*

Status: 200
Ultima requisição: Fri Feb 25 15:06:05 2022
GET / HTTP/1.1
Host: localhost:8000
User-Agent: insomnia/2021.7.2
Accept: */*

Status: 200
Ultima requisição: Fri Feb 25 15:06:08 2022
GET / HTTP/1.1
Host: localhost:8000
User-Agent: insomnia/2021.7.2
Accept: */*

Status: 200
Ultima requisição: Fri Feb 25 15:06:17 2022
GET / HTTP/1.1
Host: localhost:8000
User-Agent: insomnia/2021.7.2
Accept: */*

Status: 200
Ultima requisição: Fri Feb 25 15:11:30 2022
GET /4 HTTP/1.1
Host: localhost:8000
User-Agent: insomnia/2021.7.2
Accept: */*

Status: 200
Ultima requisição: Fri Feb 25 15:13:42 2022
GET /sp HTTP/1.1
Host: localhost:8000
User-Agent: insomnia/2021.7.2
Accept: */*

Status: 200
Ultima requisição: Fri Feb 25 15:31:52 2022
GET /rj HTTP/1.1
Host: localhost:8000
User-Agent: insomnia/2021.7.2
Accept: */*

Status: 200
Ultima requisição: Fri Feb 25 15:32:05 2022
GET /sp HTTP/1.1
Host: localhost:8000
User-Agent: insomnia/2021.7.2
Accept: */*

Status: 200
Ultima requisição: Fri Feb 25 15:48:06 2022
GET /rj HTTP/1.1
Host: localhost:8000
User-Agent: insomnia/2021.7.2
Accept: */*

Status: 200
Ultima requisição: Fri Feb 25 15:48:12 2022
GET /sp HTTP/1.1
Host: localhost:8000
User-Agent: insomnia/2021.7.2
Accept: */*

Status: 200
Ultima requisição: Fri Feb 25 15:50:44 2022
GET / HTTP/1.1
Host: localhost:8000
User-Agent: insomnia/2021.7.2
Accept: */*

Status: 200
Ultima requisição: Fri Feb 25 15:51:11 2022
GET / HTTP/1.1
Host: localhost:8000
User-Agent: insomnia/2021.7.2
Accept: */*

Status: 200
Ultima requisição: Fri Feb 25 16:13:37 2022
GET /rj HTTP/1.1
Host: localhost:8000
User-Agent: insomnia/2021.7.2
Accept: */*

Status: 200
Ultima requisição: Fri Feb 25 16:13:44 2022
GET /sp HTTP/1.1
Host: localhost:8000
User-Agent: insomnia/2021.7.2
Accept: */*

Status: 200
Ultima requisição: Fri Feb 25 16:35:44 2022
GET /sp HTTP/1.1
Host: localhost:8000
User-Agent: insomnia/2021.7.2
Accept: */*

Status: 200
Ultima requisição: Fri Feb 25 16:36:39 2022
GET /sp HTTP/1.1
Host: localhost:8000
User-Agent: insomnia/2021.7.2
Accept: */*

Status: 200
Ultima requisição: Fri Feb 25 16:37:06 2022
GET /rj HTTP/1.1
Host: localhost:8000
User-Agent: insomnia/2021.7.2
Accept: */*

